I:\EMSSubmission\New\EMSApp\EMSApp\wwwroot\dist\ProgressPopup.js
I:\EMSSubmission\New\EMSApp\EMSApp\wwwroot\dist\ProgressPopup.js.map
I:\EMSSubmission\New\EMSApp\EMSApp\wwwroot\dist\utilities\emsUtilities.js
I:\EMSSubmission\New\EMSApp\EMSApp\wwwroot\dist\utilities\emsUtilities.js.map
I:\EMSSubmission\New\EMSApp\EMSApp\wwwroot\dist\EMSAdmin\EMSNoteInsertPopup.js
I:\EMSSubmission\New\EMSApp\EMSApp\wwwroot\dist\EMSAdmin\EMSNoteInsertPopup.js.map
I:\EMSSubmission\New\EMSApp\EMSApp\wwwroot\dist\EMSAdmin\EMSNoteUpdatePopup.js
I:\EMSSubmission\New\EMSApp\EMSApp\wwwroot\dist\EMSAdmin\EMSNoteUpdatePopup.js.map
I:\EMSSubmission\New\EMSApp\EMSApp\wwwroot\dist\EMSAdmin\EMSNote.js
I:\EMSSubmission\New\EMSApp\EMSApp\wwwroot\dist\EMSAdmin\EMSNote.js.map
I:\EMSSubmission\New\EMSApp\EMSApp\wwwroot\dist\EMSSubmit\EMSSupplementalDocInsertPopup.js
I:\EMSSubmission\New\EMSApp\EMSApp\wwwroot\dist\EMSSubmit\EMSSupplementalDocInsertPopup.js.map
I:\EMSSubmission\New\EMSApp\EMSApp\wwwroot\dist\EMSSubmit\EMSSupplementalDocUpdatePopup.js
I:\EMSSubmission\New\EMSApp\EMSApp\wwwroot\dist\EMSSubmit\EMSSupplementalDocUpdatePopup.js.map
I:\EMSSubmission\New\EMSApp\EMSApp\wwwroot\dist\EMSSubmit\EMSSupplementalDoc.js
I:\EMSSubmission\New\EMSApp\EMSApp\wwwroot\dist\EMSSubmit\EMSSupplementalDoc.js.map
I:\EMSSubmission\New\EMSApp\EMSApp\wwwroot\dist\EMSSubmit\EMSSubmitTab.js
I:\EMSSubmission\New\EMSApp\EMSApp\wwwroot\dist\EMSSubmit\EMSSubmitTab.js.map
I:\EMSSubmission\New\EMSApp\EMSApp\wwwroot\dist\EMSSubmit\EMSDetail.js
I:\EMSSubmission\New\EMSApp\EMSApp\wwwroot\dist\EMSSubmit\EMSDetail.js.map
I:\EMSSubmission\New\EMSApp\EMSApp\wwwroot\dist\EMSSubmit\EMSSubmitUpdatePopup.js
I:\EMSSubmission\New\EMSApp\EMSApp\wwwroot\dist\EMSSubmit\EMSSubmitUpdatePopup.js.map
I:\EMSSubmission\New\EMSApp\EMSApp\wwwroot\dist\EMSAdmin\EMSAdmin.js
I:\EMSSubmission\New\EMSApp\EMSApp\wwwroot\dist\EMSAdmin\EMSAdmin.js.map
I:\EMSSubmission\New\EMSApp\EMSApp\wwwroot\dist\EMSAdmin\EMSAdminApp.js
I:\EMSSubmission\New\EMSApp\EMSApp\wwwroot\dist\EMSAdmin\EMSAdminApp.js.map
I:\EMSSubmission\New\EMSApp\EMSApp\wwwroot\dist\emsAdmin.js
I:\EMSSubmission\New\EMSApp\EMSApp\wwwroot\dist\emsAdmin.js.map
I:\EMSSubmission\New\EMSApp\EMSApp\wwwroot\dist\EMSCategory\EMSCategoryInsertPopup.js
I:\EMSSubmission\New\EMSApp\EMSApp\wwwroot\dist\EMSCategory\EMSCategoryInsertPopup.js.map
I:\EMSSubmission\New\EMSApp\EMSApp\wwwroot\dist\EMSCategory\EMSCategoryUpdatePopup.js
I:\EMSSubmission\New\EMSApp\EMSApp\wwwroot\dist\EMSCategory\EMSCategoryUpdatePopup.js.map
I:\EMSSubmission\New\EMSApp\EMSApp\wwwroot\dist\EMSCategory\EMSCategory.js
I:\EMSSubmission\New\EMSApp\EMSApp\wwwroot\dist\EMSCategory\EMSCategory.js.map
I:\EMSSubmission\New\EMSApp\EMSApp\wwwroot\dist\EMSCategory\EMSCategoryApp.js
I:\EMSSubmission\New\EMSApp\EMSApp\wwwroot\dist\EMSCategory\EMSCategoryApp.js.map
I:\EMSSubmission\New\EMSApp\EMSApp\wwwroot\dist\emsCategory.js
I:\EMSSubmission\New\EMSApp\EMSApp\wwwroot\dist\emsCategory.js.map
I:\EMSSubmission\New\EMSApp\EMSApp\wwwroot\dist\EMSSubmit\SelectAnEmployee.js
I:\EMSSubmission\New\EMSApp\EMSApp\wwwroot\dist\EMSSubmit\SelectAnEmployee.js.map
I:\EMSSubmission\New\EMSApp\EMSApp\wwwroot\dist\EMSSubmit\EMSSubmitInsertPopup.js
I:\EMSSubmission\New\EMSApp\EMSApp\wwwroot\dist\EMSSubmit\EMSSubmitInsertPopup.js.map
I:\EMSSubmission\New\EMSApp\EMSApp\wwwroot\dist\EMSSubmit\EMSSubmit.js
I:\EMSSubmission\New\EMSApp\EMSApp\wwwroot\dist\EMSSubmit\EMSSubmit.js.map
I:\EMSSubmission\New\EMSApp\EMSApp\wwwroot\dist\EMSSubmit\EMSSubmitApp.js
I:\EMSSubmission\New\EMSApp\EMSApp\wwwroot\dist\EMSSubmit\EMSSubmitApp.js.map
I:\EMSSubmission\New\EMSApp\EMSApp\wwwroot\dist\emsSubmit.js
I:\EMSSubmission\New\EMSApp\EMSApp\wwwroot\dist\emsSubmit.js.map
